<?xml version="1.0" encoding="UTF-8"?>
<!-- Generated by org.testng.reporters.JUnitXMLReporter -->
<testsuite ignored="0" hostname="Vishals-MacBook-Air.local" failures="1" tests="1" name="Test" time="10.829" errors="0" timestamp="2024-09-15T01:56:42 IST">
  <testcase classname="com.OpenCart.Footer.TC_Footer" name="footer" time="3.308">
    <failure type="java.lang.AssertionError" message="null">
      <![CDATA[java.lang.AssertionError: null
at com.OpenCart.Footer.TC_Footer.footer(TC_Footer.java:106)
at java.base/java.util.ArrayList.forEach(ArrayList.java:1511)
... Removed 31 stack frames]]>
    </failure>
  </testcase> <!-- footer -->
</testsuite> <!-- Test -->
