<?xml version="1.0" encoding="UTF-8"?>
<!-- Generated by org.testng.reporters.JUnitXMLReporter -->
<testsuite ignored="0" hostname="Vishals-MacBook-Air.local" failures="0" tests="8" name="Test" time="86.321" errors="0" timestamp="2024-09-08T15:25:30 IST">
  <testcase classname="com.OpenCart.HomePage.TC_HomePage" name="HomePage" time="0.016"/>
  <testcase classname="com.OpenCart.Register.TC_RegisterPage" name="RegisterPage" time="9.349"/>
  <testcase classname="com.OpenCart.Login.TC_LoginPageDDT" name="LoginDDT" time="8.32"/>
  <testcase classname="com.OpenCart.Login.TC_LoginPageDDT" name="LoginDDT" time="4.842"/>
  <testcase classname="com.OpenCart.Login.TC_LoginPageDDT" name="LoginDDT" time="4.975"/>
  <testcase classname="com.OpenCart.Login.TC_LoginPageDDT" name="LoginDDT" time="4.215"/>
  <testcase classname="com.OpenCart.Login.TC_LoginPageDDT" name="LoginDDT" time="4.557"/>
  <testcase classname="com.OpenCart.Login.TC_LoginPage" name="LoginPage" time="4.968"/>
</testsuite> <!-- Test -->
