<?xml version="1.0" encoding="UTF-8"?>
<testng-results ignored="0" total="8" passed="8" failed="0" skipped="0">
  <reporter-output>
  </reporter-output>
  <suite started-at="2024-09-08T15:24:03 IST" name="Master Suite" finished-at="2024-09-08T15:25:29 IST" duration-ms="86321">
    <groups>
      <group name="Master">
        <method signature="TC_LoginPage.LoginPage()[pri:0, instance:com.OpenCart.Login.TC_LoginPage@1b835480]" name="LoginPage" class="com.OpenCart.Login.TC_LoginPage"/>
        <method signature="TC_RegisterPage.RegisterPage()[pri:0, instance:com.OpenCart.Register.TC_RegisterPage@294a6b8e]" name="RegisterPage" class="com.OpenCart.Register.TC_RegisterPage"/>
      </group> <!-- Master -->
      <group name="Sanity">
        <method signature="TC_LoginPage.LoginPage()[pri:0, instance:com.OpenCart.Login.TC_LoginPage@1b835480]" name="LoginPage" class="com.OpenCart.Login.TC_LoginPage"/>
      </group> <!-- Sanity -->
      <group name="Regression">
        <method signature="TC_RegisterPage.RegisterPage()[pri:0, instance:com.OpenCart.Register.TC_RegisterPage@294a6b8e]" name="RegisterPage" class="com.OpenCart.Register.TC_RegisterPage"/>
      </group> <!-- Regression -->
      <group name="Datadriven">
        <method signature="TC_LoginPageDDT.LoginDDT(java.lang.String,java.lang.String,java.lang.String)[pri:0, instance:com.OpenCart.Login.TC_LoginPageDDT@4b1d6571]" name="LoginDDT" class="com.OpenCart.Login.TC_LoginPageDDT"/>
      </group> <!-- Datadriven -->
    </groups>
    <test started-at="2024-09-08T15:24:03 IST" name="Test" finished-at="2024-09-08T15:25:29 IST" duration-ms="86321">
      <class name="com.OpenCart.Register.TC_RegisterPage">
        <test-method is-config="true" signature="setup(java.lang.String,java.lang.String)[pri:0, instance:com.OpenCart.Register.TC_RegisterPage@294a6b8e]" started-at="2024-09-08T15:24:08 IST" name="setup" finished-at="2024-09-08T15:24:26 IST" duration-ms="18191" status="PASS">
          <params>
            <param index="0">
              <value>
                <![CDATA[windows]]>
              </value>
            </param>
            <param index="1">
              <value>
                <![CDATA[chrome]]>
              </value>
            </param>
          </params>
          <reporter-output>
          </reporter-output>
        </test-method> <!-- setup -->
        <test-method signature="RegisterPage()[pri:0, instance:com.OpenCart.Register.TC_RegisterPage@294a6b8e]" started-at="2024-09-08T15:24:26 IST" name="RegisterPage" finished-at="2024-09-08T15:24:35 IST" duration-ms="9349" status="PASS">
          <reporter-output>
          </reporter-output>
        </test-method> <!-- RegisterPage -->
        <test-method is-config="true" signature="tearDown()[pri:0, instance:com.OpenCart.Register.TC_RegisterPage@294a6b8e]" started-at="2024-09-08T15:24:35 IST" name="tearDown" finished-at="2024-09-08T15:24:35 IST" duration-ms="128" status="PASS">
          <reporter-output>
          </reporter-output>
        </test-method> <!-- tearDown -->
      </class> <!-- com.OpenCart.Register.TC_RegisterPage -->
      <class name="com.OpenCart.Login.TC_LoginPageDDT">
        <test-method is-config="true" signature="setup(java.lang.String,java.lang.String)[pri:0, instance:com.OpenCart.Login.TC_LoginPageDDT@4b1d6571]" started-at="2024-09-08T15:24:35 IST" name="setup" finished-at="2024-09-08T15:24:45 IST" duration-ms="9805" status="PASS">
          <params>
            <param index="0">
              <value>
                <![CDATA[windows]]>
              </value>
            </param>
            <param index="1">
              <value>
                <![CDATA[chrome]]>
              </value>
            </param>
          </params>
          <reporter-output>
          </reporter-output>
        </test-method> <!-- setup -->
        <test-method signature="LoginDDT(java.lang.String,java.lang.String,java.lang.String)[pri:0, instance:com.OpenCart.Login.TC_LoginPageDDT@4b1d6571]" started-at="2024-09-08T15:24:46 IST" name="LoginDDT" data-provider="LoginData" finished-at="2024-09-08T15:24:54 IST" duration-ms="8320" status="PASS">
          <params>
            <param index="0">
              <value>
                <![CDATA[vishal1@yopmail.com]]>
              </value>
            </param>
            <param index="1">
              <value>
                <![CDATA[Test@1234]]>
              </value>
            </param>
            <param index="2">
              <value>
                <![CDATA[Valid]]>
              </value>
            </param>
          </params>
          <reporter-output>
          </reporter-output>
        </test-method> <!-- LoginDDT -->
        <test-method signature="LoginDDT(java.lang.String,java.lang.String,java.lang.String)[pri:0, instance:com.OpenCart.Login.TC_LoginPageDDT@4b1d6571]" started-at="2024-09-08T15:24:54 IST" name="LoginDDT" data-provider="LoginData" finished-at="2024-09-08T15:24:59 IST" duration-ms="4842" status="PASS">
          <params>
            <param index="0">
              <value>
                <![CDATA[abc@abc.com]]>
              </value>
            </param>
            <param index="1">
              <value>
                <![CDATA[111]]>
              </value>
            </param>
            <param index="2">
              <value>
                <![CDATA[Invalid]]>
              </value>
            </param>
          </params>
          <reporter-output>
          </reporter-output>
        </test-method> <!-- LoginDDT -->
        <test-method signature="LoginDDT(java.lang.String,java.lang.String,java.lang.String)[pri:0, instance:com.OpenCart.Login.TC_LoginPageDDT@4b1d6571]" started-at="2024-09-08T15:24:59 IST" name="LoginDDT" data-provider="LoginData" finished-at="2024-09-08T15:25:04 IST" duration-ms="4975" status="PASS">
          <params>
            <param index="0">
              <value>
                <![CDATA[vishal1@yopmail.com]]>
              </value>
            </param>
            <param index="1">
              <value>
                <![CDATA[Test@1234]]>
              </value>
            </param>
            <param index="2">
              <value>
                <![CDATA[Valid]]>
              </value>
            </param>
          </params>
          <reporter-output>
          </reporter-output>
        </test-method> <!-- LoginDDT -->
        <test-method signature="LoginDDT(java.lang.String,java.lang.String,java.lang.String)[pri:0, instance:com.OpenCart.Login.TC_LoginPageDDT@4b1d6571]" started-at="2024-09-08T15:25:04 IST" name="LoginDDT" data-provider="LoginData" finished-at="2024-09-08T15:25:08 IST" duration-ms="4215" status="PASS">
          <params>
            <param index="0">
              <value>
                <![CDATA[hhhhh@yopmail.com]]>
              </value>
            </param>
            <param index="1">
              <value>
                <![CDATA[121]]>
              </value>
            </param>
            <param index="2">
              <value>
                <![CDATA[Invalid]]>
              </value>
            </param>
          </params>
          <reporter-output>
          </reporter-output>
        </test-method> <!-- LoginDDT -->
        <test-method signature="LoginDDT(java.lang.String,java.lang.String,java.lang.String)[pri:0, instance:com.OpenCart.Login.TC_LoginPageDDT@4b1d6571]" started-at="2024-09-08T15:25:08 IST" name="LoginDDT" data-provider="LoginData" finished-at="2024-09-08T15:25:13 IST" duration-ms="4557" status="PASS">
          <params>
            <param index="0">
              <value>
                <![CDATA[aagg@hc.com]]>
              </value>
            </param>
            <param index="1">
              <value>
                <![CDATA[111]]>
              </value>
            </param>
            <param index="2">
              <value>
                <![CDATA[Invalid]]>
              </value>
            </param>
          </params>
          <reporter-output>
          </reporter-output>
        </test-method> <!-- LoginDDT -->
        <test-method is-config="true" signature="tearDown()[pri:0, instance:com.OpenCart.Login.TC_LoginPageDDT@4b1d6571]" started-at="2024-09-08T15:25:13 IST" name="tearDown" finished-at="2024-09-08T15:25:13 IST" duration-ms="342" status="PASS">
          <reporter-output>
          </reporter-output>
        </test-method> <!-- tearDown -->
      </class> <!-- com.OpenCart.Login.TC_LoginPageDDT -->
      <class name="com.OpenCart.Login.TC_LoginPage">
        <test-method is-config="true" signature="setup(java.lang.String,java.lang.String)[pri:0, instance:com.OpenCart.Login.TC_LoginPage@1b835480]" started-at="2024-09-08T15:25:13 IST" name="setup" finished-at="2024-09-08T15:25:24 IST" duration-ms="11037" status="PASS">
          <params>
            <param index="0">
              <value>
                <![CDATA[windows]]>
              </value>
            </param>
            <param index="1">
              <value>
                <![CDATA[chrome]]>
              </value>
            </param>
          </params>
          <reporter-output>
          </reporter-output>
        </test-method> <!-- setup -->
        <test-method signature="LoginPage()[pri:0, instance:com.OpenCart.Login.TC_LoginPage@1b835480]" started-at="2024-09-08T15:25:24 IST" name="LoginPage" finished-at="2024-09-08T15:25:29 IST" duration-ms="4968" status="PASS">
          <reporter-output>
          </reporter-output>
        </test-method> <!-- LoginPage -->
        <test-method is-config="true" signature="tearDown()[pri:0, instance:com.OpenCart.Login.TC_LoginPage@1b835480]" started-at="2024-09-08T15:25:29 IST" name="tearDown" finished-at="2024-09-08T15:25:29 IST" duration-ms="181" status="PASS">
          <reporter-output>
          </reporter-output>
        </test-method> <!-- tearDown -->
      </class> <!-- com.OpenCart.Login.TC_LoginPage -->
      <class name="com.OpenCart.HomePage.TC_HomePage">
        <test-method is-config="true" signature="setup(java.lang.String,java.lang.String)[pri:0, instance:com.OpenCart.HomePage.TC_HomePage@71c27ee8]" started-at="2024-09-08T15:24:03 IST" name="setup" finished-at="2024-09-08T15:24:07 IST" duration-ms="4547" status="PASS">
          <params>
            <param index="0">
              <value>
                <![CDATA[windows]]>
              </value>
            </param>
            <param index="1">
              <value>
                <![CDATA[chrome]]>
              </value>
            </param>
          </params>
          <reporter-output>
          </reporter-output>
        </test-method> <!-- setup -->
        <test-method signature="HomePage()[pri:0, instance:com.OpenCart.HomePage.TC_HomePage@71c27ee8]" started-at="2024-09-08T15:24:07 IST" name="HomePage" finished-at="2024-09-08T15:24:07 IST" duration-ms="16" status="PASS">
          <reporter-output>
          </reporter-output>
        </test-method> <!-- HomePage -->
        <test-method is-config="true" signature="tearDown()[pri:0, instance:com.OpenCart.HomePage.TC_HomePage@71c27ee8]" started-at="2024-09-08T15:24:07 IST" name="tearDown" finished-at="2024-09-08T15:24:08 IST" duration-ms="148" status="PASS">
          <reporter-output>
          </reporter-output>
        </test-method> <!-- tearDown -->
      </class> <!-- com.OpenCart.HomePage.TC_HomePage -->
    </test> <!-- Test -->
  </suite> <!-- Master Suite -->
</testng-results>
