<?xml version="1.0" encoding="UTF-8"?>
<testsuite xmlns:xsi="http://www.w3.org/2001/XMLSchema-instance" xsi:noNamespaceSchemaLocation="https://maven.apache.org/surefire/maven-surefire-plugin/xsd/surefire-test-report.xsd" version="3.0.2" name="TestSuite" time="87.884" tests="8" errors="0" skipped="0" failures="0">
  <properties>
[...]
</properties>
  <testcase name="HomePage" classname="com.OpenCart.HomePage.TC_HomePage" time="0.02"/>
  <testcase name="RegisterPage" classname="com.OpenCart.Register.TC_RegisterPage" time="9.352"/>
  <testcase name="LoginDDT[vishal1@yopmail.com, Test@1234, Valid](1)" classname="com.OpenCart.Login.TC_LoginPageDDT" time="8.323"/>
  <testcase name="LoginDDT[abc@abc.com, 111, Invalid](2)" classname="com.OpenCart.Login.TC_LoginPageDDT" time="4.843"/>
  <testcase name="LoginDDT[vishal1@yopmail.com, Test@1234, Valid](3)" classname="com.OpenCart.Login.TC_LoginPageDDT" time="4.978"/>
  <testcase name="LoginDDT[hhhhh@yopmail.com, 121, Invalid](4)" classname="com.OpenCart.Login.TC_LoginPageDDT" time="4.217"/>
  <testcase name="LoginDDT[aagg@hc.com, 111, Invalid](5)" classname="com.OpenCart.Login.TC_LoginPageDDT" time="4.56"/>
  <testcase name="LoginPage" classname="com.OpenCart.Login.TC_LoginPage" time="4.968"/>
</testsuite>